<?xml version="1.0" encoding="UTF-8"?>
<!-- Generated by org.testng.reporters.JUnitReportReporter -->
<testsuite hostname="shobanas-MacBook-Pro.local" failures="0" tests="2" name="com.inetBanking.testCases.TC_LoginTest_001" time="5.227" errors="1" timestamp="20 Sep 2024 19:32:15 GMT" skipped="1">
  <testcase classname="com.inetBanking.testCases.TC_LoginTest_001" name="setUp" time="5.227">
    <error message="session not created: This version of ChromeDriver only supports Chrome version 124
Current browser version is 128.0.6613.138 with binary path /Applications/Google Chrome.app/Contents/MacOS/Google Chrome
Build info: version: &#039;3.141.59&#039;, revision: &#039;e82be7d358&#039;, time: &#039;2018-11-14T08:17:03&#039;
System info: host: &#039;shobanas-MacBook-Pro.local&#039;, ip: &#039;fe80:0:0:0:144e:2f31:d319:88f6%en0&#039;, os.name: &#039;Mac OS X&#039;, os.arch: &#039;x86_64&#039;, os.version: &#039;13.6.9&#039;, java.version: &#039;11.0.20&#039;
Driver info: driver.version: ChromeDriver
remote stacktrace: 0   chromedriver                        0x000000010c014a18 chromedriver + 5216792
1   chromedriver                        0x000000010c00c653 chromedriver + 5183059
2   chromedriver                        0x000000010bb7e527 chromedriver + 406823
3   chromedriver                        0x000000010bbb9c93 chromedriver + 650387
4   chromedriver                        0x000000010bbb8dd5 chromedriver + 646613
5   chromedriver                        0x000000010bbb3f7a chromedriver + 626554
6   chromedriver                        0x000000010bbafa31 chromedriver + 608817
7   chromedriver                        0x000000010bbf91f3 chromedriver + 909811
8   chromedriver                        0x000000010bbec4a3 chromedriver + 857251
9   chromedriver                        0x000000010bbbcfe3 chromedriver + 663523
10  chromedriver                        0x000000010bbbd92e chromedriver + 665902
11  chromedriver                        0x000000010bfd2930 chromedriver + 4946224
12  chromedriver                        0x000000010bfd89e4 chromedriver + 4970980
13  chromedriver                        0x000000010bfb342e chromedriver + 4817966
14  chromedriver                        0x000000010bfd94f9 chromedriver + 4973817
15  chromedriver                        0x000000010bfa36b4 chromedriver + 4753076
16  chromedriver                        0x000000010bffbba8 chromedriver + 5114792
17  chromedriver                        0x000000010bffbd67 chromedriver + 5115239
18  chromedriver                        0x000000010c00c273 chromedriver + 5182067
19  libsystem_pthread.dylib             0x00007ff8028de1d3 _pthread_start + 125
20  libsystem_pthread.dylib             0x00007ff8028d9bd3 thread_start + 15
" type="org.openqa.selenium.SessionNotCreatedException">
      <![CDATA[org.openqa.selenium.SessionNotCreatedException: session not created: This version of ChromeDriver only supports Chrome version 124
Current browser version is 128.0.6613.138 with binary path /Applications/Google Chrome.app/Contents/MacOS/Google Chrome
Build info: version: '3.141.59', revision: 'e82be7d358', time: '2018-11-14T08:17:03'
System info: host: 'shobanas-MacBook-Pro.local', ip: 'fe80:0:0:0:144e:2f31:d319:88f6%en0', os.name: 'Mac OS X', os.arch: 'x86_64', os.version: '13.6.9', java.version: '11.0.20'
Driver info: driver.version: ChromeDriver
remote stacktrace: 0   chromedriver                        0x000000010c014a18 chromedriver + 5216792
1   chromedriver                        0x000000010c00c653 chromedriver + 5183059
2   chromedriver                        0x000000010bb7e527 chromedriver + 406823
3   chromedriver                        0x000000010bbb9c93 chromedriver + 650387
4   chromedriver                        0x000000010bbb8dd5 chromedriver + 646613
5   chromedriver                        0x000000010bbb3f7a chromedriver + 626554
6   chromedriver                        0x000000010bbafa31 chromedriver + 608817
7   chromedriver                        0x000000010bbf91f3 chromedriver + 909811
8   chromedriver                        0x000000010bbec4a3 chromedriver + 857251
9   chromedriver                        0x000000010bbbcfe3 chromedriver + 663523
10  chromedriver                        0x000000010bbbd92e chromedriver + 665902
11  chromedriver                        0x000000010bfd2930 chromedriver + 4946224
12  chromedriver                        0x000000010bfd89e4 chromedriver + 4970980
13  chromedriver                        0x000000010bfb342e chromedriver + 4817966
14  chromedriver                        0x000000010bfd94f9 chromedriver + 4973817
15  chromedriver                        0x000000010bfa36b4 chromedriver + 4753076
16  chromedriver                        0x000000010bffbba8 chromedriver + 5114792
17  chromedriver                        0x000000010bffbd67 chromedriver + 5115239
18  chromedriver                        0x000000010c00c273 chromedriver + 5182067
19  libsystem_pthread.dylib             0x00007ff8028de1d3 _pthread_start + 125
20  libsystem_pthread.dylib             0x00007ff8028d9bd3 thread_start + 15

at java.base/jdk.internal.reflect.NativeConstructorAccessorImpl.newInstance0(Native Method)
at java.base/jdk.internal.reflect.NativeConstructorAccessorImpl.newInstance(NativeConstructorAccessorImpl.java:62)
at java.base/jdk.internal.reflect.DelegatingConstructorAccessorImpl.newInstance(DelegatingConstructorAccessorImpl.java:45)
at java.base/java.lang.reflect.Constructor.newInstance(Constructor.java:490)
at org.openqa.selenium.remote.W3CHandshakeResponse.lambda$errorHandler$0(W3CHandshakeResponse.java:62)
at org.openqa.selenium.remote.HandshakeResponse.lambda$getResponseFunction$0(HandshakeResponse.java:30)
at org.openqa.selenium.remote.ProtocolHandshake.lambda$createSession$0(ProtocolHandshake.java:126)
at java.base/java.util.stream.ReferencePipeline$3$1.accept(ReferencePipeline.java:195)
at java.base/java.util.Spliterators$ArraySpliterator.tryAdvance(Spliterators.java:958)
at java.base/java.util.stream.ReferencePipeline.forEachWithCancel(ReferencePipeline.java:127)
at java.base/java.util.stream.AbstractPipeline.copyIntoWithCancel(AbstractPipeline.java:502)
at java.base/java.util.stream.AbstractPipeline.copyInto(AbstractPipeline.java:488)
at java.base/java.util.stream.AbstractPipeline.wrapAndCopyInto(AbstractPipeline.java:474)
at java.base/java.util.stream.FindOps$FindOp.evaluateSequential(FindOps.java:150)
at java.base/java.util.stream.AbstractPipeline.evaluate(AbstractPipeline.java:234)
at java.base/java.util.stream.ReferencePipeline.findFirst(ReferencePipeline.java:543)
at org.openqa.selenium.remote.ProtocolHandshake.createSession(ProtocolHandshake.java:128)
at org.openqa.selenium.remote.ProtocolHandshake.createSession(ProtocolHandshake.java:74)
at org.openqa.selenium.remote.HttpCommandExecutor.execute(HttpCommandExecutor.java:136)
at org.openqa.selenium.remote.service.DriverCommandExecutor.execute(DriverCommandExecutor.java:83)
at org.openqa.selenium.remote.RemoteWebDriver.execute(RemoteWebDriver.java:552)
at org.openqa.selenium.remote.RemoteWebDriver.startSession(RemoteWebDriver.java:213)
at org.openqa.selenium.remote.RemoteWebDriver.<init>(RemoteWebDriver.java:131)
at org.openqa.selenium.chrome.ChromeDriver.<init>(ChromeDriver.java:181)
at org.openqa.selenium.chrome.ChromeDriver.<init>(ChromeDriver.java:168)
at org.openqa.selenium.chrome.ChromeDriver.<init>(ChromeDriver.java:123)
at com.inetBanking.testCases.BaseClass.setUp(BaseClass.java:37)
at java.base/jdk.internal.reflect.NativeMethodAccessorImpl.invoke0(Native Method)
at java.base/jdk.internal.reflect.NativeMethodAccessorImpl.invoke(NativeMethodAccessorImpl.java:62)
at java.base/jdk.internal.reflect.DelegatingMethodAccessorImpl.invoke(DelegatingMethodAccessorImpl.java:43)
at java.base/java.lang.reflect.Method.invoke(Method.java:566)
at org.testng.internal.MethodInvocationHelper.invokeMethod(MethodInvocationHelper.java:124)
at org.testng.internal.MethodInvocationHelper.invokeMethodConsideringTimeout(MethodInvocationHelper.java:59)
at org.testng.internal.Invoker.invokeConfigurationMethod(Invoker.java:458)
at org.testng.internal.Invoker.invokeConfigurations(Invoker.java:222)
at org.testng.internal.Invoker.invokeConfigurations(Invoker.java:142)
at org.testng.internal.TestMethodWorker.invokeBeforeClassMethods(TestMethodWorker.java:168)
at org.testng.internal.TestMethodWorker.run(TestMethodWorker.java:105)
at org.testng.TestRunner.privateRun(TestRunner.java:648)
at org.testng.TestRunner.run(TestRunner.java:505)
at org.testng.SuiteRunner.runTest(SuiteRunner.java:455)
at org.testng.SuiteRunner.runSequentially(SuiteRunner.java:450)
at org.testng.SuiteRunner.privateRun(SuiteRunner.java:415)
at org.testng.SuiteRunner.run(SuiteRunner.java:364)
at org.testng.SuiteRunnerWorker.runSuite(SuiteRunnerWorker.java:52)
at org.testng.SuiteRunnerWorker.run(SuiteRunnerWorker.java:84)
at org.testng.TestNG.runSuitesSequentially(TestNG.java:1208)
at org.testng.TestNG.runSuitesLocally(TestNG.java:1137)
at org.testng.TestNG.runSuites(TestNG.java:1049)
at org.testng.TestNG.run(TestNG.java:1017)
at org.testng.remote.AbstractRemoteTestNG.run(AbstractRemoteTestNG.java:115)
at org.testng.remote.RemoteTestNG.initAndRun(RemoteTestNG.java:251)
at org.testng.remote.RemoteTestNG.main(RemoteTestNG.java:77)
]]>
    </error>
  </testcase> <!-- setUp -->
  <testcase classname="com.inetBanking.testCases.TC_LoginTest_001" name="loginTest" time="0.000">
    <skipped/>
  </testcase> <!-- loginTest -->
</testsuite> <!-- com.inetBanking.testCases.TC_LoginTest_001 -->
